Arguments: 
  /usr/local/bin/node /usr/local/bin/yarn view dotenv

PATH: 
  /usr/local/bin:/usr/bin:/bin:/usr/sbin:/sbin:/usr/local/go/bin:/Library/Apple/usr/bin

Yarn version: 
  1.22.10

Node version: 
  14.17.1

Platform: 
  darwin x64

Trace: 
  SyntaxError: /Users/smsoft/Desktop/project/dwitter-2/server/package.json: Unexpected string in JSON at position 382
      at JSON.parse (<anonymous>)
      at /usr/local/lib/node_modules/yarn/lib/cli.js:1625:59
      at Generator.next (<anonymous>)
      at step (/usr/local/lib/node_modules/yarn/lib/cli.js:310:30)
      at /usr/local/lib/node_modules/yarn/lib/cli.js:321:13

npm manifest: 
  {
    "name": "dwitter",
    "version": "1.0.0",
    "description": "twitter clone coding - simple version",
    "main": "app.js",
    "type": "module",
    "scripts": {
      "test": "echo \"Error: no test specified\" && exit 1",
      "start": "nodemon app"
    },
    "author": "Dream Coding Academy",
    "license": "ISC",
    "dependencies": {
      "bcrypt": "^5.0.1",
      "cors": "^2.8.5",
      ""
      "express": "^4.17.1",
      "express-async-errors": "^3.1.1",
      "express-validator": "^6.11.1",
      "helmet": "^4.6.0",
      "jsonwebtoken": "^8.5.1",
      "morgan": "^1.10.0"
    },
    "devDependencies": {
      "nodemon": "^2.0.7"
    }
  }

yarn manifest: 
  No manifest

Lockfile: 
  No lockfile
